<?xml version="1.0" encoding="UTF-8"?>
<testsuite xmlns:xsi="http://www.w3.org/2001/XMLSchema-instance" xsi:noNamespaceSchemaLocation="https://maven.apache.org/surefire/maven-surefire-plugin/xsd/surefire-test-report-3.0.xsd" version="3.0" name="com.logopeda.billing.BillingApplicationTests" time="19.296" tests="1" errors="0" skipped="0" failures="0">
  <properties>
[...]
</properties>
  <testcase name="contextLoads" classname="com.logopeda.billing.BillingApplicationTests" time="1.362">
    <system-out><![CDATA[23:52:50.135 [main] INFO org.springframework.test.context.support.AnnotationConfigContextLoaderUtils -- Could not detect default configuration classes for test class [com.logopeda.billing.BillingApplicationTests]: BillingApplicationTests does not declare any static, non-private, non-final, nested classes annotated with @Configuration.
23:52:50.333 [main] INFO org.springframework.boot.test.context.SpringBootTestContextBootstrapper -- Found @SpringBootConfiguration com.logopeda.billing.BillingApplication for test class com.logopeda.billing.BillingApplicationTests

  .   ____          _            __ _ _
 /\\ / ___'_ __ _ _(_)_ __  __ _ \ \ \ \
( ( )\___ | '_ | '_| | '_ \/ _` | \ \ \ \
 \\/  ___)| |_)| | | | | || (_| |  ) ) ) )
  '  |____| .__|_| |_|_| |_\__, | / / / /
 =========|_|==============|___/=/_/_/_/
 :: Spring Boot ::                (v3.2.5)

2026-06-25T23:52:51.409+02:00  INFO 38452 --- [billing-backend] [           main] c.l.billing.BillingApplicationTests      : Starting BillingApplicationTests using Java 21.0.11 with PID 38452 (started by delorzagabilondo in C:\Users\delorzagabilondo\deloitte\Personal\logopeda\logoplus\backend)
2026-06-25T23:52:51.411+02:00  INFO 38452 --- [billing-backend] [           main] c.l.billing.BillingApplicationTests      : No active profile set, falling back to 1 default profile: "default"
2026-06-25T23:52:53.436+02:00  INFO 38452 --- [billing-backend] [           main] .s.d.r.c.RepositoryConfigurationDelegate : Bootstrapping Spring Data JPA repositories in DEFAULT mode.
2026-06-25T23:52:53.744+02:00  INFO 38452 --- [billing-backend] [           main] .s.d.r.c.RepositoryConfigurationDelegate : Finished Spring Data repository scanning in 292 ms. Found 19 JPA repository interfaces.
2026-06-25T23:52:55.865+02:00  INFO 38452 --- [billing-backend] [           main] o.hibernate.jpa.internal.util.LogHelper  : HHH000204: Processing PersistenceUnitInfo [name: default]
2026-06-25T23:52:56.068+02:00  INFO 38452 --- [billing-backend] [           main] org.hibernate.Version                    : HHH000412: Hibernate ORM core version 6.4.4.Final
2026-06-25T23:52:56.172+02:00  INFO 38452 --- [billing-backend] [           main] o.h.c.internal.RegionFactoryInitiator    : HHH000026: Second-level cache disabled
2026-06-25T23:52:57.003+02:00  INFO 38452 --- [billing-backend] [           main] o.s.o.j.p.SpringPersistenceUnitInfo      : No LoadTimeWeaver setup: ignoring JPA class transformer
2026-06-25T23:52:57.086+02:00  INFO 38452 --- [billing-backend] [           main] com.zaxxer.hikari.HikariDataSource       : HikariPool-1 - Starting...
2026-06-25T23:52:57.742+02:00  INFO 38452 --- [billing-backend] [           main] com.zaxxer.hikari.pool.HikariPool        : HikariPool-1 - Added connection conn0: url=jdbc:h2:mem:billingdb user=SA
2026-06-25T23:52:57.745+02:00  INFO 38452 --- [billing-backend] [           main] com.zaxxer.hikari.HikariDataSource       : HikariPool-1 - Start completed.
2026-06-25T23:53:00.398+02:00  INFO 38452 --- [billing-backend] [           main] o.h.e.t.j.p.i.JtaPlatformInitiator       : HHH000489: No JTA platform available (set 'hibernate.transaction.jta.platform' to enable JTA platform integration)
2026-06-25T23:53:00.493+02:00  INFO 38452 --- [billing-backend] [           main] j.LocalContainerEntityManagerFactoryBean : Initialized JPA EntityManagerFactory for persistence unit 'default'
2026-06-25T23:53:01.289+02:00  INFO 38452 --- [billing-backend] [           main] o.s.d.j.r.query.QueryEnhancerFactory     : Hibernate is in classpath; If applicable, HQL parser will be used.
2026-06-25T23:53:04.777+02:00  WARN 38452 --- [billing-backend] [           main] .s.s.UserDetailsServiceAutoConfiguration : 

Using generated security password: 9d0f52fb-ea05-4305-9454-a636f305a7cf

This generated password is for development use only. Your security configuration must be updated before running your application in production.

2026-06-25T23:53:05.769+02:00  INFO 38452 --- [billing-backend] [           main] o.s.s.web.DefaultSecurityFilterChain     : Will secure any request with [org.springframework.security.web.session.DisableEncodeUrlFilter@2096ade6, org.springframework.security.web.context.request.async.WebAsyncManagerIntegrationFilter@564d5883, org.springframework.security.web.context.SecurityContextHolderFilter@656ac24, org.springframework.security.web.header.HeaderWriterFilter@38dfbd6e, org.springframework.web.filter.CorsFilter@657c93da, org.springframework.security.web.authentication.logout.LogoutFilter@1d35dcd4, com.logopeda.shared.security.JwtAuthenticationFilter@b234301, org.springframework.security.web.savedrequest.RequestCacheAwareFilter@1618b4fa, org.springframework.security.web.servletapi.SecurityContextHolderAwareRequestFilter@7babfd29, org.springframework.security.web.authentication.AnonymousAuthenticationFilter@6ad51d91, org.springframework.security.web.session.SessionManagementFilter@34ceabf1, org.springframework.security.web.access.ExceptionTranslationFilter@7773d139, org.springframework.security.web.access.intercept.AuthorizationFilter@368814bb]
2026-06-25T23:53:06.680+02:00  INFO 38452 --- [billing-backend] [           main] o.s.b.a.h2.H2ConsoleAutoConfiguration    : H2 console available at '/h2-console'. Database available at 'jdbc:h2:mem:billingdb'
2026-06-25T23:53:06.821+02:00  INFO 38452 --- [billing-backend] [           main] c.l.billing.BillingApplicationTests      : Started BillingApplicationTests in 16.121 seconds (process running for 18.198)
2026-06-25T23:53:07.152+02:00  INFO 38452 --- [billing-backend] [           main] c.logopeda.shared.config.DemoDataSeeder  : Seeding demo data (app.seed-demo-data=true). Do not enable in production.
2026-06-25T23:53:07.645+02:00  INFO 38452 --- [billing-backend] [           main] c.logopeda.shared.config.DemoDataSeeder  : Demo data seeded: clinic=clinic-default, users=4, patients=2
]]></system-out>
    <system-err><![CDATA[WARNING: A Java agent has been loaded dynamically (C:\Users\delorzagabilondo\.m2\repository\net\bytebuddy\byte-buddy-agent\1.14.13\byte-buddy-agent-1.14.13.jar)
WARNING: If a serviceability tool is in use, please run with -XX:+EnableDynamicAgentLoading to hide this warning
WARNING: If a serviceability tool is not in use, please run with -Djdk.instrument.traceUsage for more information
WARNING: Dynamic loading of agents will be disallowed by default in a future release
]]></system-err>
  </testcase>
</testsuite>